0 info it worked if it ends with ok
1 verbose cli [ 'C:\\Program Files\\nodejs\\node.exe',
1 verbose cli   'C:\\Users\\Manfred\\AppData\\Roaming\\npm\\node_modules\\npm\\bin\\npm-cli.js',
1 verbose cli   'start' ]
2 info using npm@4.0.5
3 info using node@v6.10.0
4 verbose run-script [ 'prestart', 'start', 'poststart' ]
5 info lifecycle flug-portal@1.0.0~prestart: flug-portal@1.0.0
6 silly lifecycle flug-portal@1.0.0~prestart: no script for prestart, continuing
7 info lifecycle flug-portal@1.0.0~start: flug-portal@1.0.0
8 verbose lifecycle flug-portal@1.0.0~start: unsafe-perm in lifecycle true
9 verbose lifecycle flug-portal@1.0.0~start: PATH: C:\Users\Manfred\AppData\Roaming\npm\node_modules\npm\bin\node-gyp-bin;C:\Users\Manfred\Documents\artikel\Angular_Validation\src_manuell_artikel\node_modules\.bin;C:\Program Files (x86)\Intel\iCLS Client\;C:\Program Files\Intel\iCLS Client\;C:\ProgramData\Oracle\Java\javapath;C:\WINDOWS\system32;C:\WINDOWS;C:\WINDOWS\System32\Wbem;C:\WINDOWS\System32\WindowsPowerShell\v1.0\;C:\Program Files\Microsoft SQL Server\120\Tools\Binn\;C:\Program Files\Microsoft SQL Server\130\Tools\Binn\;C:\Program Files\Git\cmd;C:\Program Files (x86)\Common Files\Acronis\VirtualFile\;C:\Program Files (x86)\Common Files\Acronis\VirtualFile64\;C:\Program Files (x86)\Common Files\Acronis\SnapAPI\;C:\Program Files\Microsoft DNX\Dnvm\;C:\Program Files\Intel\WiFi\bin\;C:\Program Files\Common Files\Intel\WirelessCommon\;C:\Program Files\dotnet\;C:\Program Files\nodejs\;C:\Program Files (x86)\Skype\Phone\;C:\Program Files (x;C:\Program Files (x86)\Intel\Intel(R) Management Engine Components\DAL;C:\Program Files\Intel\Intel(R) Management Engine Components\DAL;C:\Program Files (x86)\Intel\Intel(R) Management Engine Components\IPT;C:\Program Files\Intel\Intel(R) Management Engine Components\IPT;C:\Program Files (x86)\Microsoft VS Code\bin;C:\Program Files\Git\;C:\Users\Manfred\AppData\Roaming\npm;C:\Users\Manfred\AppData\Local\GitHubDesktop\bin;%USERPROFILE%\AppData\Local\Microsoft\WindowsApps;
10 verbose lifecycle flug-portal@1.0.0~start: CWD: C:\Users\Manfred\Documents\artikel\Angular_Validation\src_manuell_artikel
11 silly lifecycle flug-portal@1.0.0~start: Args: [ '/d /s /c', 'ng serve --port 8081' ]
12 silly lifecycle flug-portal@1.0.0~start: Returned: code: 1  signal: null
13 info lifecycle flug-portal@1.0.0~start: Failed to exec start script
14 verbose stack Error: flug-portal@1.0.0 start: `ng serve --port 8081`
14 verbose stack Exit status 1
14 verbose stack     at EventEmitter.<anonymous> (C:\Users\Manfred\AppData\Roaming\npm\node_modules\npm\lib\utils\lifecycle.js:279:16)
14 verbose stack     at emitTwo (events.js:106:13)
14 verbose stack     at EventEmitter.emit (events.js:191:7)
14 verbose stack     at ChildProcess.<anonymous> (C:\Users\Manfred\AppData\Roaming\npm\node_modules\npm\lib\utils\spawn.js:40:14)
14 verbose stack     at emitTwo (events.js:106:13)
14 verbose stack     at ChildProcess.emit (events.js:191:7)
14 verbose stack     at maybeClose (internal/child_process.js:877:16)
14 verbose stack     at Process.ChildProcess._handle.onexit (internal/child_process.js:226:5)
15 verbose pkgid flug-portal@1.0.0
16 verbose cwd C:\Users\Manfred\Documents\artikel\Angular_Validation\src_manuell_artikel\src
17 error Windows_NT 10.0.15063
18 error argv "C:\\Program Files\\nodejs\\node.exe" "C:\\Users\\Manfred\\AppData\\Roaming\\npm\\node_modules\\npm\\bin\\npm-cli.js" "start"
19 error node v6.10.0
20 error npm  v4.0.5
21 error code ELIFECYCLE
22 error flug-portal@1.0.0 start: `ng serve --port 8081`
22 error Exit status 1
23 error Failed at the flug-portal@1.0.0 start script 'ng serve --port 8081'.
23 error Make sure you have the latest version of node.js and npm installed.
23 error If you do, this is most likely a problem with the flug-portal package,
23 error not with npm itself.
23 error Tell the author that this fails on your system:
23 error     ng serve --port 8081
23 error You can get information on how to open an issue for this project with:
23 error     npm bugs flug-portal
23 error Or if that isn't available, you can get their info via:
23 error     npm owner ls flug-portal
23 error There is likely additional logging output above.
24 verbose exit [ 1, true ]
